<?xml version="1.0" encoding="UTF-8"?>
<!-- Generated by org.testng.reporters.JUnitXMLReporter -->
<testsuite ignored="0" hostname="RaghavPC" failures="0" tests="5" name="Default test" time="42.555" errors="0" timestamp="2021-06-19T22:17:07 IST">
  <testcase classname="stepbystep.openpage" name="openingtheWebPage" time="5.003"/>
  <testcase classname="stepbystep.openpage" name="selectingFlights" time="0.868"/>
  <testcase classname="stepbystep.openpage" name="scroll" time="0.111"/>
  <testcase classname="stepbystep.openpage" name="selectingoptions" time="27.088"/>
  <testcase classname="stepbystep.openpage" name="closingwindow" time="9.283"/>
</testsuite> <!-- Default test -->
